============================= test session starts ==============================
platform darwin -- Python 3.12.12, pytest-9.0.2, pluggy-1.6.0 -- /Users/dong.wyt/Documents/dev-projects/fin-lab-x-wt/multi-provider-streaming-reasoning/.venv/bin/python3
cachedir: .pytest_cache
rootdir: /Users/dong.wyt/Documents/dev-projects/fin-lab-x-wt/multi-provider-streaming-reasoning
configfile: pyproject.toml
plugins: anyio-4.12.1, langsmith-0.7.7, timeout-2.4.0, asyncio-1.3.0, braintrust-0.11.0
timeout: 60.0s
timeout method: signal
timeout func_only: False
asyncio: mode=Mode.STRICT, debug=False, asyncio_default_fixture_loop_scope=None, asyncio_default_test_loop_scope=function
collecting ... collected 307 items

backend/tests/streaming/test_domain_events_schema.py::TestFrozenImmutability::test_message_start_is_frozen PASSED [  0%]
backend/tests/streaming/test_domain_events_schema.py::TestFrozenImmutability::test_text_delta_is_frozen PASSED [  0%]
backend/tests/streaming/test_domain_events_schema.py::TestFrozenImmutability::test_tool_call_is_frozen PASSED [  0%]
backend/tests/streaming/test_domain_events_schema.py::TestFrozenImmutability::test_usage_is_frozen PASSED [  1%]
backend/tests/streaming/test_domain_events_schema.py::TestFrozenImmutability::test_finish_is_frozen PASSED [  1%]
backend/tests/streaming/test_domain_events_schema.py::TestConstruction::test_message_start PASSED [  1%]
backend/tests/streaming/test_domain_events_schema.py::TestConstruction::test_text_start PASSED [  2%]
backend/tests/streaming/test_domain_events_schema.py::TestConstruction::test_text_delta PASSED [  2%]
backend/tests/streaming/test_domain_events_schema.py::TestConstruction::test_text_end PASSED [  2%]
backend/tests/streaming/test_domain_events_schema.py::TestConstruction::test_tool_call PASSED [  3%]
backend/tests/streaming/test_domain_events_schema.py::TestConstruction::test_tool_result PASSED [  3%]
backend/tests/streaming/test_domain_events_schema.py::TestConstruction::test_tool_error PASSED [  3%]
backend/tests/streaming/test_domain_events_schema.py::TestConstruction::test_tool_progress PASSED [  4%]
backend/tests/streaming/test_domain_events_schema.py::TestConstruction::test_stream_error PASSED [  4%]
backend/tests/streaming/test_domain_events_schema.py::TestConstruction::test_usage_defaults PASSED [  4%]
backend/tests/streaming/test_domain_events_schema.py::TestConstruction::test_usage_explicit PASSED [  5%]
backend/tests/streaming/test_domain_events_schema.py::TestConstruction::test_finish_with_default_usage PASSED [  5%]
backend/tests/streaming/test_domain_events_schema.py::TestConstruction::test_finish_with_explicit_usage PASSED [  5%]
backend/tests/streaming/test_domain_events_schema.py::TestEquality::test_same_values_are_equal PASSED [  6%]
backend/tests/streaming/test_domain_events_schema.py::TestEquality::test_different_values_are_not_equal PASSED [  6%]
backend/tests/streaming/test_domain_events_schema.py::TestEquality::test_different_types_are_not_equal PASSED [  6%]
backend/tests/streaming/test_domain_events_schema.py::TestEquality::test_usage_equality PASSED [  7%]
backend/tests/streaming/test_domain_events_schema.py::TestEquality::test_finish_equality_with_usage PASSED [  7%]
backend/tests/streaming/test_domain_events_schema.py::TestDomainEventUnion::test_isinstance_check[event0] PASSED [  7%]
backend/tests/streaming/test_domain_events_schema.py::TestDomainEventUnion::test_isinstance_check[event1] PASSED [  8%]
backend/tests/streaming/test_domain_events_schema.py::TestDomainEventUnion::test_isinstance_check[event2] PASSED [  8%]
backend/tests/streaming/test_domain_events_schema.py::TestDomainEventUnion::test_isinstance_check[event3] PASSED [  8%]
backend/tests/streaming/test_domain_events_schema.py::TestDomainEventUnion::test_isinstance_check[event4] PASSED [  9%]
backend/tests/streaming/test_domain_events_schema.py::TestDomainEventUnion::test_isinstance_check[event5] PASSED [  9%]
backend/tests/streaming/test_domain_events_schema.py::TestDomainEventUnion::test_isinstance_check[event6] PASSED [  9%]
backend/tests/streaming/test_domain_events_schema.py::TestDomainEventUnion::test_isinstance_check[event7] PASSED [ 10%]
backend/tests/streaming/test_domain_events_schema.py::TestDomainEventUnion::test_isinstance_check[event8] PASSED [ 10%]
backend/tests/streaming/test_domain_events_schema.py::TestDomainEventUnion::test_isinstance_check[event9] PASSED [ 10%]
backend/tests/streaming/test_domain_events_schema.py::TestDomainEventUnion::test_isinstance_check[event10] PASSED [ 11%]
backend/tests/streaming/test_domain_events_schema.py::TestReasoningStatus::test_is_frozen PASSED [ 11%]
backend/tests/streaming/test_domain_events_schema.py::TestReasoningStatus::test_construction PASSED [ 11%]
backend/tests/streaming/test_domain_events_schema.py::TestReasoningStatus::test_equality PASSED [ 12%]
backend/tests/streaming/test_domain_events_schema.py::TestReasoningStatus::test_is_member_of_domain_event_union PASSED [ 12%]
backend/tests/streaming/test_event_mapper.py::TestTextOnlyHappyPath::test_text_only_stream PASSED [ 12%]
backend/tests/streaming/test_event_mapper.py::TestToolCallHappyPath::test_full_tool_call_lifecycle PASSED [ 13%]
backend/tests/streaming/test_event_mapper.py::TestToolError::test_tool_error_emitted PASSED [ 13%]
backend/tests/streaming/test_event_mapper.py::TestToolProgressCustomChunk::test_progress_for_pending_tool PASSED [ 13%]
backend/tests/streaming/test_event_mapper.py::TestToolProgressCustomChunk::test_progress_ignored_for_unknown_tool PASSED [ 14%]
backend/tests/streaming/test_event_mapper.py::TestMultipleTextBlocks::test_two_text_blocks PASSED [ 14%]
backend/tests/streaming/test_event_mapper.py::TestMessageStartEmittedOnce::test_message_start_once PASSED [ 14%]
backend/tests/streaming/test_event_mapper.py::TestTextBlockAutoCloseOnToolCall::test_auto_close PASSED [ 14%]
backend/tests/streaming/test_event_mapper.py::TestFinalizeClosesOpenTextBlock::test_finalize_closes_text PASSED [ 15%]
backend/tests/streaming/test_event_mapper.py::TestFinalizeClosesOpenTextBlock::test_finalize_without_open_text PASSED [ 15%]
backend/tests/streaming/test_event_mapper.py::TestUsageAccumulation::test_usage_summed_in_finish PASSED [ 15%]
backend/tests/streaming/test_event_mapper.py::TestReasoningHappyPath::test_single_reasoning_sentence PASSED [ 16%]
backend/tests/streaming/test_event_mapper.py::TestReasoningHoldAndFlushOrdering::test_reasoning_then_text_in_same_chunk PASSED [ 16%]
backend/tests/streaming/test_event_mapper.py::TestReasoningHoldAndFlushOrdering::test_reasoning_tail_flushed_before_tool_call PASSED [ 16%]
backend/tests/streaming/test_event_mapper.py::TestChunkIdBoundary::test_same_id_continuation_no_flush PASSED [ 17%]
backend/tests/streaming/test_event_mapper.py::TestChunkIdBoundary::test_none_id_treated_as_continuation PASSED [ 17%]
backend/tests/streaming/test_event_mapper.py::TestChunkIdBoundary::test_different_id_triggers_flush_and_new_reasoning_id PASSED [ 17%]
backend/tests/streaming/test_event_mapper.py::TestReasoningIdLifecycle::test_three_reasoning_blocks_same_call_share_id PASSED [ 18%]
backend/tests/streaming/test_event_mapper.py::TestReasoningIdLifecycle::test_new_llm_call_gets_new_reasoning_id PASSED [ 18%]
backend/tests/streaming/test_event_mapper.py::TestFinalizeReasoningTail::test_finalize_flushes_reasoning_tail PASSED [ 18%]
backend/tests/streaming/test_event_mapper.py::TestFinalizeReasoningTail::test_finalize_no_segmenter_content_emits_only_finish PASSED [ 19%]
backend/tests/streaming/test_event_mapper.py::TestFinalizeReasoningTail::test_finalize_called_twice_emits_only_one_finish PASSED [ 19%]
backend/tests/streaming/test_event_mapper_dev_flags.py::TestStubReasoningOnlyDevFlag::test_stub_reasoning_only_skips_text_blocks PASSED [ 19%]
backend/tests/streaming/test_event_mapper_dev_flags.py::TestStubReasoningOnlyDevFlag::test_stub_reasoning_only_skips_tool_call_chunk_blocks PASSED [ 20%]
backend/tests/streaming/test_event_mapper_dev_flags.py::TestStubReasoningOnlyDevFlag::test_unset_passes_text_through PASSED [ 20%]
backend/tests/streaming/test_event_mapper_dev_flags.py::TestStubContentBlocksNoReasoningDevFlag::test_stub_content_blocks_no_reasoning_drops_reasoning PASSED [ 20%]
backend/tests/streaming/test_event_mapper_dev_flags.py::TestStubContentBlocksNoReasoningDevFlag::test_unset_passes_reasoning_through PASSED [ 21%]
backend/tests/streaming/test_event_mapper_dev_flags.py::TestEmitDelayedReasoningDevFlag::test_emit_delayed_reasoning_emits_only_first_chunk PASSED [ 21%]
backend/tests/streaming/test_event_mapper_dev_flags.py::TestEmitDelayedReasoningDevFlag::test_unset_emits_every_reasoning_chunk PASSED [ 21%]
backend/tests/streaming/test_event_mapper_dev_flags.py::TestEmitLateReasoningDevFlag::test_emit_late_reasoning_appends_after_finish PASSED [ 22%]
backend/tests/streaming/test_event_mapper_dev_flags.py::TestEmitLateReasoningDevFlag::test_unset_finalize_does_not_emit_late_reasoning PASSED [ 22%]
backend/tests/streaming/test_event_mapper_reasoning_integration.py::TestAnthropicInterleave::test_interleave_ordering PASSED [ 22%]
backend/tests/streaming/test_event_mapper_reasoning_integration.py::TestOpenAIMultiSummary::test_two_summary_blocks_emit_two_reasoning_status PASSED [ 23%]
backend/tests/streaming/test_event_mapper_reasoning_integration.py::TestGeminiSoftEmit::test_gemini_cjk_no_terminator_soft_emit PASSED [ 23%]
backend/tests/streaming/test_orchestrator_invoke_reasoning_path.py::TestInvokeBuildsCallbacksWithReasoningFirst::test_build_langfuse_config_invoke_orders_reasoning_before_handler PASSED [ 23%]
backend/tests/streaming/test_orchestrator_invoke_reasoning_path.py::TestInvokeBuildsCallbacksWithReasoningFirst::test_build_langfuse_config_propagates_capability_to_callback PASSED [ 24%]
backend/tests/streaming/test_orchestrator_invoke_reasoning_path.py::TestReasoningCallbackFiresOnInvokeChain::test_on_llm_end_writes_reasoning_metadata PASSED [ 24%]
backend/tests/streaming/test_reasoning_segmenter.py::TestHalfWidthDotSplit::test_dot_space_splits_sentence PASSED [ 24%]
backend/tests/streaming/test_reasoning_segmenter.py::TestHalfWidthDotSplit::test_numeric_dot_not_split PASSED [ 25%]
backend/tests/streaming/test_reasoning_segmenter.py::TestHalfWidthDotSplit::test_exclamation_space_splits PASSED [ 25%]
backend/tests/streaming/test_reasoning_segmenter.py::TestHalfWidthDotSplit::test_question_space_splits PASSED [ 25%]
backend/tests/streaming/test_reasoning_segmenter.py::TestHalfWidthDotSplit::test_multiple_sentences_in_one_feed PASSED [ 26%]
backend/tests/streaming/test_reasoning_segmenter.py::TestCJKTerminatorSplit::test_cjk_period_splits_immediately PASSED [ 26%]
backend/tests/streaming/test_reasoning_segmenter.py::TestCJKTerminatorSplit::test_cjk_exclamation_splits PASSED [ 26%]
backend/tests/streaming/test_reasoning_segmenter.py::TestCJKTerminatorSplit::test_cjk_question_splits PASSED [ 27%]
backend/tests/streaming/test_reasoning_segmenter.py::TestCJKTerminatorSplit::test_multiple_cjk_sentences PASSED [ 27%]
backend/tests/streaming/test_reasoning_segmenter.py::TestNewlineTerminator::test_newline_splits_and_strips PASSED [ 27%]
backend/tests/streaming/test_reasoning_segmenter.py::TestNewlineTerminator::test_trailing_newline_no_extra_empty_emit PASSED [ 28%]
backend/tests/streaming/test_reasoning_segmenter.py::TestNewlineTerminator::test_crlf_strips_carriage_return PASSED [ 28%]
backend/tests/streaming/test_reasoning_segmenter.py::TestHalfWidthAcrossFeeds::test_halfwidth_dot_at_delta_end_buffers_until_next_whitespace PASSED [ 28%]
backend/tests/streaming/test_reasoning_segmenter.py::TestHalfWidthAcrossFeeds::test_multiple_halfwidth_terminators_last_buffers PASSED [ 28%]
backend/tests/streaming/test_reasoning_segmenter.py::TestNoTerminatorBuffering::test_short_no_terminator_yields_nothing PASSED [ 29%]
backend/tests/streaming/test_reasoning_segmenter.py::TestNoTerminatorBuffering::test_empty_feed_yields_nothing PASSED [ 29%]
backend/tests/streaming/test_reasoning_segmenter.py::TestNoTerminatorBuffering::test_content_accumulates_across_feeds PASSED [ 29%]
backend/tests/streaming/test_reasoning_segmenter.py::TestSoftEmitFallback::test_80_char_cjk_no_terminator_soft_emits PASSED [ 30%]
backend/tests/streaming/test_reasoning_segmenter.py::TestSoftEmitFallback::test_soft_emit_resets_buffer_for_next_feed PASSED [ 30%]
backend/tests/streaming/test_reasoning_segmenter.py::TestSoftEmitFallback::test_exactly_80_chars_triggers_soft_emit PASSED [ 30%]
backend/tests/streaming/test_reasoning_segmenter.py::TestSoftEmitFallback::test_79_chars_no_emit PASSED [ 31%]
backend/tests/streaming/test_reasoning_segmenter.py::TestSoftEmitFallback::test_terminator_before_80_chars_wins PASSED [ 31%]
backend/tests/streaming/test_reasoning_segmenter.py::TestSoftEmitFallback::test_soft_emit_then_terminator_in_next_feed PASSED [ 31%]
backend/tests/streaming/test_reasoning_segmenter.py::TestFlush::test_flush_returns_remaining_buffer PASSED [ 32%]
backend/tests/streaming/test_reasoning_segmenter.py::TestFlush::test_flush_clears_buffer PASSED [ 32%]
backend/tests/streaming/test_reasoning_segmenter.py::TestFlush::test_flush_on_empty_returns_none PASSED [ 32%]
backend/tests/streaming/test_reasoning_segmenter.py::TestFlush::test_flush_idempotent_on_empty PASSED [ 33%]
backend/tests/streaming/test_reasoning_segmenter.py::TestReset::test_reset_clears_buffer PASSED [ 33%]
backend/tests/streaming/test_reasoning_segmenter.py::TestReset::test_reset_allows_fresh_start PASSED [ 33%]
backend/tests/streaming/test_reasoning_segmenter.py::TestFeedIsGenerator::test_feed_returns_iterator PASSED [ 34%]
backend/tests/streaming/test_reasoning_segmenter.py::TestMixedTerminators::test_cjk_then_halfwidth PASSED [ 34%]
backend/tests/streaming/test_reasoning_segmenter.py::TestMixedTerminators::test_halfwidth_then_cjk PASSED [ 34%]
backend/tests/streaming/test_reasoning_trace_callback.py::TestSchemaScenarios::test_capability_on_with_reasoning_blocks_writes_joined_text PASSED [ 35%]
backend/tests/streaming/test_reasoning_trace_callback.py::TestSchemaScenarios::test_capability_on_no_reasoning_blocks_writes_empty_string PASSED [ 35%]
backend/tests/streaming/test_reasoning_trace_callback.py::TestSchemaScenarios::test_capability_off_no_reasoning_blocks_writes_empty_string PASSED [ 35%]
backend/tests/streaming/test_reasoning_trace_callback.py::TestSchemaScenarios::test_capability_unsupported_writes_sentinel_regardless_of_content PASSED [ 36%]
backend/tests/streaming/test_reasoning_trace_callback.py::TestSchemaScenarios::test_truncation_ascii_over_size_cap PASSED [ 36%]
backend/tests/streaming/test_reasoning_trace_callback.py::TestSchemaScenarios::test_truncation_cjk_three_byte_chars_drops_partial_codepoint PASSED [ 36%]
backend/tests/streaming/test_reasoning_trace_callback.py::test_malformed_reasoning_block_value_does_not_crash[none_value] PASSED [ 37%]
backend/tests/streaming/test_reasoning_trace_callback.py::test_malformed_reasoning_block_value_does_not_crash[non_string_value] PASSED [ 37%]
backend/tests/streaming/test_reasoning_trace_callback.py::test_malformed_reasoning_block_value_does_not_crash[missing_key] PASSED [ 37%]
backend/tests/streaming/test_reasoning_trace_callback.py::test_malformed_reasoning_block_value_does_not_crash[mixed_with_valid] PASSED [ 38%]
backend/tests/streaming/test_reasoning_trace_callback.py::TestDefensive::test_empty_generations_writes_empty_string PASSED [ 38%]
backend/tests/streaming/test_reasoning_trace_callback.py::TestDefensive::test_internal_exception_caught_and_writes_empty_string PASSED [ 38%]
backend/tests/streaming/test_reasoning_trace_callback.py::test_always_writes_reasoning_key_completed_path[empty_generations-on] PASSED [ 39%]
backend/tests/streaming/test_reasoning_trace_callback.py::test_always_writes_reasoning_key_completed_path[empty_generations-off] PASSED [ 39%]
backend/tests/streaming/test_reasoning_trace_callback.py::test_always_writes_reasoning_key_completed_path[empty_generations-unsupported] PASSED [ 39%]
backend/tests/streaming/test_reasoning_trace_callback.py::test_always_writes_reasoning_key_completed_path[empty_inner_generations-on] PASSED [ 40%]
backend/tests/streaming/test_reasoning_trace_callback.py::test_always_writes_reasoning_key_completed_path[empty_inner_generations-off] PASSED [ 40%]
backend/tests/streaming/test_reasoning_trace_callback.py::test_always_writes_reasoning_key_completed_path[empty_inner_generations-unsupported] PASSED [ 40%]
backend/tests/streaming/test_reasoning_trace_callback.py::test_always_writes_reasoning_key_completed_path[all_text_content-on] PASSED [ 41%]
backend/tests/streaming/test_reasoning_trace_callback.py::test_always_writes_reasoning_key_completed_path[all_text_content-off] PASSED [ 41%]
backend/tests/streaming/test_reasoning_trace_callback.py::test_always_writes_reasoning_key_completed_path[all_text_content-unsupported] PASSED [ 41%]
backend/tests/streaming/test_reasoning_trace_callback.py::test_always_writes_reasoning_key_completed_path[has_reasoning-on] PASSED [ 42%]
backend/tests/streaming/test_reasoning_trace_callback.py::test_always_writes_reasoning_key_completed_path[has_reasoning-off] PASSED [ 42%]
backend/tests/streaming/test_reasoning_trace_callback.py::test_always_writes_reasoning_key_completed_path[has_reasoning-unsupported] PASSED [ 42%]
backend/tests/streaming/test_reasoning_trace_callback.py::test_always_writes_reasoning_key_when_internal_exception[on] PASSED [ 42%]
backend/tests/streaming/test_reasoning_trace_callback.py::test_always_writes_reasoning_key_when_internal_exception[off] PASSED [ 43%]
backend/tests/streaming/test_reasoning_trace_callback.py::test_always_writes_reasoning_key_when_internal_exception[unsupported] PASSED [ 43%]
backend/tests/streaming/test_sse_serializer.py::TestMessageStart::test_wire_format PASSED [ 43%]
backend/tests/streaming/test_sse_serializer.py::TestTextStart::test_wire_format PASSED [ 44%]
backend/tests/streaming/test_sse_serializer.py::TestTextDelta::test_wire_format PASSED [ 44%]
backend/tests/streaming/test_sse_serializer.py::TestTextEnd::test_wire_format PASSED [ 44%]
backend/tests/streaming/test_sse_serializer.py::TestToolCall::test_wire_format PASSED [ 45%]
backend/tests/streaming/test_sse_serializer.py::TestToolCall::test_empty_args PASSED [ 45%]
backend/tests/streaming/test_sse_serializer.py::TestToolResult::test_wire_format PASSED [ 45%]
backend/tests/streaming/test_sse_serializer.py::TestToolError::test_wire_type_is_tool_output_error PASSED [ 46%]
backend/tests/streaming/test_sse_serializer.py::TestToolError::test_wire_format PASSED [ 46%]
backend/tests/streaming/test_sse_serializer.py::TestToolProgress::test_wire_format PASSED [ 46%]
backend/tests/streaming/test_sse_serializer.py::TestToolProgress::test_transient_is_true PASSED [ 47%]
backend/tests/streaming/test_sse_serializer.py::TestStreamError::test_wire_format PASSED [ 47%]
backend/tests/streaming/test_sse_serializer.py::TestFinish::test_wire_format_with_default_usage PASSED [ 47%]
backend/tests/streaming/test_sse_serializer.py::TestFinish::test_wire_format_with_explicit_usage PASSED [ 48%]
backend/tests/streaming/test_sse_serializer.py::TestCamelCaseKeys::test_no_snake_case_keys[event0] PASSED [ 48%]
backend/tests/streaming/test_sse_serializer.py::TestCamelCaseKeys::test_no_snake_case_keys[event1] PASSED [ 48%]
backend/tests/streaming/test_sse_serializer.py::TestCamelCaseKeys::test_no_snake_case_keys[event2] PASSED [ 49%]
backend/tests/streaming/test_sse_serializer.py::TestCamelCaseKeys::test_no_snake_case_keys[event3] PASSED [ 49%]
backend/tests/streaming/test_sse_serializer.py::TestCamelCaseKeys::test_no_snake_case_keys[event4] PASSED [ 49%]
backend/tests/streaming/test_sse_serializer.py::TestCamelCaseKeys::test_no_snake_case_keys[event5] PASSED [ 50%]
backend/tests/streaming/test_sse_serializer.py::TestCamelCaseKeys::test_no_snake_case_keys[event6] PASSED [ 50%]
backend/tests/streaming/test_sse_serializer.py::TestCamelCaseKeys::test_no_snake_case_keys[event7] PASSED [ 50%]
backend/tests/streaming/test_sse_serializer.py::TestCamelCaseKeys::test_no_snake_case_keys[event8] PASSED [ 51%]
backend/tests/streaming/test_sse_serializer.py::TestCamelCaseKeys::test_no_snake_case_keys[event9] PASSED [ 51%]
backend/tests/streaming/test_sse_serializer.py::TestUnknownEventType::test_raises_type_error PASSED [ 51%]
backend/tests/streaming/test_sse_serializer.py::TestReasoningStatusSerializer::test_happy_path_full_payload PASSED [ 52%]
backend/tests/streaming/test_sse_serializer.py::TestReasoningStatusSerializer::test_assert_guard_called_through_serialize_event PASSED [ 52%]
backend/tests/streaming/test_sse_serializer.py::TestReasoningStatusSerializer::test_assert_guard_raises_in_dev PASSED [ 52%]
backend/tests/streaming/test_sse_serializer.py::TestReasoningStatusSerializer::test_assert_guard_warns_in_production PASSED [ 53%]
backend/tests/streaming/test_sse_serializer.py::TestJsonSpecialCharacters::test_quotes_in_delta PASSED [ 53%]
backend/tests/streaming/test_sse_serializer.py::TestJsonSpecialCharacters::test_newlines_in_error PASSED [ 53%]
backend/tests/streaming/test_sse_serializer.py::TestJsonSpecialCharacters::test_backslash_in_result PASSED [ 54%]
backend/tests/streaming/test_sse_serializer_dev_flags.py::TestForceReasoningNonTransientDevFlag::test_force_reasoning_non_transient_strips_flag_in_production PASSED [ 54%]
backend/tests/streaming/test_sse_serializer_dev_flags.py::TestForceReasoningNonTransientDevFlag::test_force_reasoning_non_transient_raises_in_dev PASSED [ 54%]
backend/tests/streaming/test_sse_serializer_dev_flags.py::TestForceReasoningNonTransientDevFlag::test_unset_keeps_transient_flag PASSED [ 55%]
backend/tests/streaming/test_tool_error_sanitizer.py::TestApiKeyRemoval::test_removes_bearer_token PASSED [ 55%]
backend/tests/streaming/test_tool_error_sanitizer.py::TestApiKeyRemoval::test_removes_api_key_parameter PASSED [ 55%]
backend/tests/streaming/test_tool_error_sanitizer.py::TestApiKeyRemoval::test_removes_openai_style_key PASSED [ 56%]
backend/tests/streaming/test_tool_error_sanitizer.py::TestApiKeyRemoval::test_removes_key_value_assignment PASSED [ 56%]
backend/tests/streaming/test_tool_error_sanitizer.py::TestInternalPathRemoval::test_removes_unix_path PASSED [ 56%]
backend/tests/streaming/test_tool_error_sanitizer.py::TestInternalPathRemoval::test_removes_windows_path PASSED [ 57%]
backend/tests/streaming/test_tool_error_sanitizer.py::TestInternalPathRemoval::test_removes_internal_hostname PASSED [ 57%]
backend/tests/streaming/test_tool_error_sanitizer.py::TestConnectionStringRemoval::test_removes_postgres_connection_string PASSED [ 57%]
backend/tests/streaming/test_tool_error_sanitizer.py::TestConnectionStringRemoval::test_removes_redis_connection_string PASSED [ 57%]
backend/tests/streaming/test_tool_error_sanitizer.py::TestConnectionStringRemoval::test_removes_mongodb_connection_string PASSED [ 58%]
backend/tests/streaming/test_tool_error_sanitizer.py::TestStackTraceStripping::test_python_traceback_reduced_to_last_line PASSED [ 58%]
backend/tests/streaming/test_tool_error_sanitizer.py::TestStackTraceStripping::test_multiline_error_without_traceback_preserved PASSED [ 58%]
backend/tests/streaming/test_tool_error_sanitizer.py::TestNormalErrorsPreserved::test_simple_timeout PASSED [ 59%]
backend/tests/streaming/test_tool_error_sanitizer.py::TestNormalErrorsPreserved::test_rate_limit PASSED [ 59%]
backend/tests/streaming/test_tool_error_sanitizer.py::TestNormalErrorsPreserved::test_not_found PASSED [ 59%]
backend/tests/streaming/test_tool_error_sanitizer.py::TestNormalErrorsPreserved::test_empty_string PASSED [ 60%]
backend/tests/agents/test_base.py::test_orchestrator_initialization_with_config PASSED [ 60%]
backend/tests/agents/test_base.py::test_orchestrator_run_returns_response PASSED [ 60%]
backend/tests/agents/test_base.py::test_orchestrator_uses_config_system_prompt PASSED [ 61%]
backend/tests/agents/test_base.py::test_orchestrator_falls_back_to_default_prompt PASSED [ 61%]
backend/tests/agents/test_base.py::test_orchestrator_result_has_typed_structure PASSED [ 61%]
backend/tests/agents/test_config_loader.py::test_load_raises_on_unknown_constraint_key PASSED [ 62%]
backend/tests/agents/test_config_loader.py::test_load_raises_on_unknown_top_level_key PASSED [ 62%]
backend/tests/agents/test_config_loader.py::test_load_accepts_valid_payload PASSED [ 62%]
backend/tests/agents/test_config_loader.py::test_model_config_defaults_reasoning_off PASSED [ 63%]
backend/tests/agents/test_config_loader.py::test_model_config_accepts_reasoning_on_with_null_budget PASSED [ 63%]
backend/tests/agents/test_config_loader.py::test_model_config_accepts_explicit_thinking_budget PASSED [ 63%]
backend/tests/agents/test_config_loader.py::test_model_config_rejects_unknown_reasoning_literal PASSED [ 64%]
backend/tests/agents/test_config_loader.py::test_model_config_accepts_unsupported_literal PASSED [ 64%]
backend/tests/agents/test_config_loader.py::test_model_config_rejects_unknown_field PASSED [ 64%]
backend/tests/agents/test_config_loader.py::test_all_shipped_versions_use_gemini_with_reasoning_on[v1_baseline] PASSED [ 65%]
backend/tests/agents/test_config_loader.py::test_all_shipped_versions_use_gemini_with_reasoning_on[v2_reader] PASSED [ 65%]
backend/tests/agents/test_config_loader.py::test_all_shipped_versions_use_gemini_with_reasoning_on[v3_quant] PASSED [ 65%]
backend/tests/agents/test_config_loader.py::test_all_shipped_versions_use_gemini_with_reasoning_on[v4_graph] PASSED [ 66%]
backend/tests/agents/test_config_loader.py::test_all_shipped_versions_use_gemini_with_reasoning_on[v5_analyst] PASSED [ 66%]
backend/tests/agents/test_init_model.py::TestInitModelGemini::test_gemini_reasoning_on_with_none_budget_passes_none PASSED [ 66%]
backend/tests/agents/test_init_model.py::TestInitModelGemini::test_gemini_reasoning_on_with_explicit_budget PASSED [ 67%]
backend/tests/agents/test_init_model.py::TestInitModelGemini::test_gemini_reasoning_off_forces_thinking_budget_zero PASSED [ 67%]
backend/tests/agents/test_init_model.py::TestInitModelAnthropic::test_anthropic_reasoning_on_without_budget_raises PASSED [ 67%]
backend/tests/agents/test_init_model.py::TestInitModelAnthropic::test_anthropic_reasoning_on_with_low_budget_raises PASSED [ 68%]
backend/tests/agents/test_init_model.py::TestInitModelAnthropic::test_anthropic_reasoning_on_with_budget_passes_thinking_block PASSED [ 68%]
backend/tests/agents/test_init_model.py::TestInitModelAnthropic::test_anthropic_reasoning_off_omits_thinking_block PASSED [ 68%]
backend/tests/agents/test_init_model.py::TestInitModelOpenAI::test_openai_reasoning_on_uses_responses_api PASSED [ 69%]
backend/tests/agents/test_init_model.py::TestInitModelOpenAI::test_openai_reasoning_off_omits_reasoning_kwargs PASSED [ 69%]
backend/tests/agents/test_init_model.py::TestInitModelOpenAI::test_bare_name_defaults_to_openai_provider PASSED [ 69%]
backend/tests/agents/test_init_model.py::TestInitModelUnsupported::test_unsupported_skips_all_reasoning_kwargs_for_gemini PASSED [ 70%]
backend/tests/agents/test_init_model.py::TestInitModelUnsupported::test_unsupported_skips_reasoning_kwargs_for_anthropic PASSED [ 70%]
backend/tests/agents/test_init_model.py::TestInitModelUnsupported::test_unsupported_skips_reasoning_kwargs_for_openai PASSED [ 70%]
backend/tests/agents/test_init_model.py::TestInitModelTemperature::test_temperature_passed_for_all_providers[google_genai:gemini-2.5-flash] PASSED [ 71%]
backend/tests/agents/test_init_model.py::TestInitModelTemperature::test_temperature_passed_for_all_providers[anthropic:claude-sonnet-4-5] PASSED [ 71%]
backend/tests/agents/test_init_model.py::TestInitModelTemperature::test_temperature_passed_for_all_providers[openai:gpt-4o-mini] PASSED [ 71%]
backend/tests/agents/test_init_model.py::TestInitModelTemperature::test_temperature_passed_for_all_providers[gpt-4o-mini] PASSED [ 71%]
backend/tests/agents/test_orchestrator_dev_flags.py::TestForceLlmFailDevFlag::test_force_llm_fail_raises_when_env_set_and_yields_stream_error PASSED [ 72%]
backend/tests/agents/test_orchestrator_dev_flags.py::TestForceLlmFailDevFlag::test_unset_does_not_short_circuit PASSED [ 72%]
backend/tests/agents/test_orchestrator_langfuse.py::TestRunInjectsLangfuseCallback::test_run_injects_langfuse_callback PASSED [ 72%]
backend/tests/agents/test_orchestrator_langfuse.py::TestRunInjectsLangfuseCallback::test_run_without_session_id PASSED [ 73%]
backend/tests/agents/test_orchestrator_langfuse.py::TestRunInjectsLangfuseCallback::test_run_attaches_process_start_ts_to_metadata PASSED [ 73%]
backend/tests/agents/test_orchestrator_langfuse.py::TestRunInjectsLangfuseCallback::test_run_passes_session_id_via_propagate_attributes PASSED [ 73%]
backend/tests/agents/test_orchestrator_langfuse.py::TestArunInjectsLangfuseCallback::test_arun_injects_langfuse_callback PASSED [ 74%]
backend/tests/agents/test_orchestrator_langfuse.py::TestArunInjectsLangfuseCallback::test_arun_passes_session_id_via_propagate_attributes PASSED [ 74%]
backend/tests/agents/test_orchestrator_langfuse.py::TestAstreamRun::test_happy_path_yields_domain_events PASSED [ 74%]
backend/tests/agents/test_orchestrator_langfuse.py::TestAstreamRun::test_astream_called_with_thread_id_in_configurable PASSED [ 75%]
backend/tests/agents/test_orchestrator_langfuse.py::TestAstreamRun::test_langfuse_callback_injected PASSED [ 75%]
backend/tests/agents/test_orchestrator_langfuse.py::TestAstreamRun::test_regenerate_truncates_state PASSED [ 75%]
backend/tests/agents/test_orchestrator_langfuse.py::TestAstreamRun::test_regenerate_message_id_mismatch_raises PASSED [ 76%]
backend/tests/agents/test_orchestrator_langfuse.py::TestAstreamRun::test_exception_yields_stream_error_and_finish PASSED [ 76%]
backend/tests/agents/test_orchestrator_langfuse.py::TestAstreamRun::test_checkpointer_passed_to_create_agent PASSED [ 76%]
backend/tests/agents/test_orchestrator_langfuse.py::TestAstreamRun::test_stream_mode_parameters PASSED [ 77%]
backend/tests/agents/test_orchestrator_langfuse.py::TestAstreamRun::test_astream_called_with_none_input_on_regenerate PASSED [ 77%]
backend/tests/agents/test_orchestrator_langfuse.py::TestLangfuseTraceMetadata::test_arun_config_carries_invoke_trace_metadata PASSED [ 77%]
backend/tests/agents/test_orchestrator_langfuse.py::TestLangfuseTraceMetadata::test_astream_config_carries_stream_trace_metadata PASSED [ 78%]
backend/tests/agents/test_orchestrator_langfuse.py::TestLangfuseTraceMetadata::test_astream_regenerate_populates_trigger_metadata PASSED [ 78%]
backend/tests/agents/test_orchestrator_langfuse.py::TestLangfuseTraceMetadata::test_trace_name_follows_config_version_dynamically PASSED [ 78%]
backend/tests/agents/test_orchestrator_langfuse.py::TestReasoningTraceCallbackInjection::test_astream_callbacks_include_reasoning_callback_first PASSED [ 79%]
backend/tests/agents/test_orchestrator_langfuse.py::TestReasoningTraceCallbackInjection::test_astream_reasoning_callback_uses_config_capability PASSED [ 79%]
backend/tests/agents/test_orchestrator_langfuse.py::TestReasoningTraceCallbackInjection::test_run_callbacks_include_reasoning_callback_first PASSED [ 79%]
backend/tests/agents/test_orchestrator_langfuse.py::TestReasoningTraceCallbackInjection::test_arun_callbacks_include_reasoning_callback_first PASSED [ 80%]
backend/tests/agents/test_orchestrator_langfuse.py::TestAstreamAbortCleanup::test_cancel_writes_reasoning_tail_and_aborted_status PASSED [ 80%]
backend/tests/agents/test_orchestrator_langfuse.py::TestAstreamAbortCleanup::test_cancel_with_empty_segmenter_skips_generation_update PASSED [ 80%]
backend/tests/agents/test_orchestrator_langfuse.py::TestAstreamAbortCleanup::test_cancel_propagates_even_when_langfuse_update_raises PASSED [ 81%]
backend/tests/agents/test_orchestrator_langfuse.py::TestAstreamAbortCleanup::test_natural_finish_does_not_invoke_abort_cleanup PASSED [ 81%]
backend/tests/agents/test_orchestrator_prompt_rendering.py::test_render_prompt_registered_model[gpt-4o-mini-128000-204800] PASSED [ 81%]
backend/tests/agents/test_orchestrator_prompt_rendering.py::test_render_prompt_registered_model[claude-opus-4-20250514-200000-320000] PASSED [ 82%]
backend/tests/agents/test_orchestrator_prompt_rendering.py::test_render_prompt_registered_model[future-model-131072-131072-209715] PASSED [ 82%]
backend/tests/agents/test_orchestrator_prompt_rendering.py::test_render_prompt_unknown_model_fallback_and_warn_once PASSED [ 82%]
backend/tests/agents/test_orchestrator_prompt_rendering.py::test_render_prompt_missing_var_raises PASSED [ 83%]
backend/tests/agents/test_orchestrator_prompt_rendering.py::test_render_prompt_no_placeholder_verbatim PASSED [ 83%]
backend/tests/agents/test_orchestrator_prompt_rendering.py::test_render_prompt_preserves_literal_json_braces PASSED [ 83%]
backend/tests/agents/test_orchestrator_prompt_rendering.py::test_validate_edgar_identity_fast_fail PASSED [ 84%]
backend/tests/agents/test_orchestrator_prompt_rendering.py::test_validate_edgar_identity_skipped_when_no_sec_tool PASSED [ 84%]
backend/tests/agents/test_orchestrator_prompt_rendering.py::test_v1_baseline_system_prompt_advertises_sec_tools PASSED [ 84%]
backend/tests/agents/test_orchestrator_prompt_rendering.py::test_orchestrator_v1_baseline_renders_prompt_end_to_end PASSED [ 85%]
backend/tests/agents/test_orchestrator_prompt_rendering.py::test_setup_tools_registers_new_tools_and_drops_old PASSED [ 85%]
backend/tests/agents/test_orchestrator_prompt_rendering.py::test_all_versions_use_new_tool_names[v1_baseline] PASSED [ 85%]
backend/tests/agents/test_orchestrator_prompt_rendering.py::test_all_versions_use_new_tool_names[v2_reader] PASSED [ 85%]
backend/tests/agents/test_orchestrator_prompt_rendering.py::test_all_versions_use_new_tool_names[v3_quant] PASSED [ 86%]
backend/tests/agents/test_orchestrator_prompt_rendering.py::test_all_versions_use_new_tool_names[v4_graph] PASSED [ 86%]
backend/tests/agents/test_orchestrator_prompt_rendering.py::test_all_versions_use_new_tool_names[v5_analyst] PASSED [ 86%]
backend/tests/agents/test_utils_model_context.py::test_get_model_context_window_registered PASSED [ 87%]
backend/tests/agents/test_utils_model_context.py::test_get_model_context_window_unknown_fallback_and_warn_once PASSED [ 87%]
backend/tests/agents/test_utils_model_context.py::test_compute_section_soft_cap_chars_formula[128000-204800] PASSED [ 87%]
backend/tests/agents/test_utils_model_context.py::test_compute_section_soft_cap_chars_formula[200000-320000] PASSED [ 88%]
backend/tests/agents/test_utils_model_context.py::test_compute_section_soft_cap_chars_formula[131072-209715] PASSED [ 88%]
backend/tests/agents/test_utils_model_context.py::test_compute_section_soft_cap_chars_rejects_invalid_fraction[0] PASSED [ 88%]
backend/tests/agents/test_utils_model_context.py::test_compute_section_soft_cap_chars_rejects_invalid_fraction[-0.1] PASSED [ 89%]
backend/tests/agents/test_utils_model_context.py::test_compute_section_soft_cap_chars_rejects_invalid_fraction[1.1] PASSED [ 89%]
backend/tests/agents/test_utils_model_context.py::test_compute_section_soft_cap_chars_rejects_invalid_fraction[2.0] PASSED [ 89%]
backend/tests/agents/test_utils_model_context.py::test_load_registry_handles_non_dict_yaml PASSED [ 90%]
backend/tests/agents/test_utils_model_context.py::test_registry_yaml_matches_orchestrator_configs PASSED [ 90%]
backend/tests/agents/test_utils_model_context.py::test_get_model_context_window_strips_provider_prefix PASSED [ 90%]
backend/tests/agents/test_utils_model_context.py::test_compute_section_soft_cap_chars_with_prefixed_gemini PASSED [ 91%]
backend/tests/api/test_chat.py::TestStreamChatHappyPath::test_returns_200_with_sse_content_type PASSED [ 91%]
backend/tests/api/test_chat.py::TestStreamChatHappyPath::test_returns_vercel_ai_header PASSED [ 91%]
backend/tests/api/test_chat.py::TestStreamChatHappyPath::test_response_body_contains_sse_data PASSED [ 92%]
backend/tests/api/test_chat.py::TestStreamChatValidation::test_id_empty_string_returns_422 PASSED [ 92%]
backend/tests/api/test_chat.py::TestStreamChatValidation::test_id_missing_returns_422 PASSED [ 92%]
backend/tests/api/test_chat.py::TestStreamChatValidation::test_submit_with_no_user_message_returns_422 PASSED [ 93%]
backend/tests/api/test_chat.py::TestStreamChatValidation::test_empty_messages_submit_returns_422 PASSED [ 93%]
backend/tests/api/test_chat.py::TestStreamChatValidation::test_regenerate_missing_message_id_returns_422 PASSED [ 93%]
backend/tests/api/test_chat.py::TestStreamChatValidation::test_missing_trigger_returns_422 PASSED [ 94%]
backend/tests/api/test_chat.py::TestStreamChatValidation::test_missing_messages_returns_422 PASSED [ 94%]
backend/tests/api/test_chat.py::TestStreamChatAiSdkV6Format::test_submit_message_extracts_last_user_text PASSED [ 94%]
backend/tests/api/test_chat.py::TestStreamChatAiSdkV6Format::test_regenerate_with_message_history_returns_200 PASSED [ 95%]
backend/tests/api/test_chat.py::TestStreamChatSessionLock::test_concurrent_request_returns_409 PASSED [ 95%]
backend/tests/api/test_chat.py::TestStreamChatOrchestratorError::test_value_error_yields_sse_error_events PASSED [ 95%]
backend/tests/api/test_chat.py::TestRenamedInvokeEndpoint::test_chat_invoke_still_works PASSED [ 96%]
backend/tests/api/test_chat_invoke.py::test_health_endpoint PASSED       [ 96%]
backend/tests/api/test_chat_invoke.py::test_chat_endpoint_exists PASSED  [ 96%]
backend/tests/api/test_chat_invoke.py::test_chat_returns_valid_response PASSED [ 97%]
backend/tests/api/test_chat_invoke.py::test_chat_missing_message_field PASSED [ 97%]
backend/tests/api/test_chat_invoke.py::test_chat_empty_body PASSED       [ 97%]
backend/tests/api/test_chat_invoke.py::test_chat_empty_message PASSED    [ 98%]
backend/tests/api/test_chat_invoke.py::test_chat_with_session_id PASSED  [ 98%]
backend/tests/api/test_chat_invoke.py::test_chat_default_session_id PASSED [ 98%]
backend/tests/api/test_chat_invoke.py::test_chat_orchestrator_error_returns_500 PASSED [ 99%]
backend/tests/api/test_chat_invoke.py::test_health_returns_version PASSED [ 99%]
backend/tests/api/test_e2e.py::test_e2e_chat_flow PASSED                 [ 99%]
backend/tests/api/test_e2e.py::test_e2e_tool_registry_populated PASSED   [100%]

=============================== warnings summary ===============================
.venv/lib/python3.12/site-packages/edgar/_markdown.py:9
  /Users/dong.wyt/Documents/dev-projects/fin-lab-x-wt/multi-provider-streaming-reasoning/.venv/lib/python3.12/site-packages/edgar/_markdown.py:9: DeprecationWarning: edgar.files.html_documents module (including HtmlDocument) is deprecated and will be removed in v6.0. Please use edgar.documents.HTMLParser instead. See migration guide: https://edgartools.readthedocs.io/en/latest/migration/
    from edgar.files.html_documents import HtmlDocument

.venv/lib/python3.12/site-packages/edgar/files/markdown.py:4
  /Users/dong.wyt/Documents/dev-projects/fin-lab-x-wt/multi-provider-streaming-reasoning/.venv/lib/python3.12/site-packages/edgar/files/markdown.py:4: DeprecationWarning: edgar.files.html module is deprecated and will be removed in v6.0. Please use edgar.documents.HTMLParser instead. See migration guide: https://edgartools.readthedocs.io/en/latest/migration/
    from edgar.files.html import BaseNode, Document

.venv/lib/python3.12/site-packages/edgar/_filings.py:58
  /Users/dong.wyt/Documents/dev-projects/fin-lab-x-wt/multi-provider-streaming-reasoning/.venv/lib/python3.12/site-packages/edgar/_filings.py:58: DeprecationWarning: edgar.files.htmltools module (including ChunkedDocument) is deprecated and will be removed in v6.0. Please use edgar.documents.HTMLParser instead. See migration guide: https://edgartools.readthedocs.io/en/latest/migration/
    from edgar.files.htmltools import html_sections

-- Docs: https://docs.pytest.org/en/stable/how-to/capture-warnings.html
======================= 307 passed, 3 warnings in 52.35s =======================
